2021-01-17 05:12:32.849 - INFO - 6380 - azureml.train.automl._azureautomlclient.modify_run_configuration:199 - Package azureml-train-automl missing from dependencies file.
2021-01-17 05:12:32.849 - INFO - 6380 - azureml.train.automl._azureautomlclient.modify_run_configuration:205 - Using pinned version: azureml-train-automl==1.19.0.*
2021-01-17 05:12:32.849 - INFO - 6380 - azureml.train.automl._azureautomlclient.modify_run_configuration:199 - Package pandas missing from dependencies file.
2021-01-17 05:12:32.850 - INFO - 6380 - azureml.train.automl._azureautomlclient.modify_run_configuration:205 - Using pinned version: pandas==0.25.1
2021-01-17 05:12:32.850 - INFO - 6380 - azureml.train.automl._azureautomlclient.modify_run_configuration:199 - Package psutil missing from dependencies file.
2021-01-17 05:12:32.851 - INFO - 6380 - azureml.train.automl._azureautomlclient.modify_run_configuration:205 - Using pinned version: psutil>5.0.0,<6.0.0
2021-01-17 05:12:32.851 - INFO - 6380 - azureml.train.automl._azureautomlclient.modify_run_configuration:199 - Package scikit-learn missing from dependencies file.
2021-01-17 05:12:32.851 - INFO - 6380 - azureml.train.automl._azureautomlclient.modify_run_configuration:205 - Using pinned version: scikit-learn==0.22.1
2021-01-17 05:12:32.852 - INFO - 6380 - azureml.train.automl._azureautomlclient.modify_run_configuration:199 - Package numpy missing from dependencies file.
2021-01-17 05:12:32.852 - INFO - 6380 - azureml.train.automl._azureautomlclient.modify_run_configuration:205 - Using pinned version: numpy~=1.18.0
2021-01-17 05:12:32.852 - INFO - 6380 - azureml.train.automl._azureautomlclient.modify_run_configuration:199 - Package py-xgboost missing from dependencies file.
2021-01-17 05:12:32.854 - INFO - 6380 - azureml.train.automl._azureautomlclient.modify_run_configuration:205 - Using pinned version: py-xgboost<=0.90
2021-01-17 05:12:32.861 - INFO - 6380 - azureml.train.automl._azureautomlclient.modify_run_configuration:199 - Package inference-schema missing from dependencies file.
2021-01-17 05:12:32.861 - INFO - 6380 - azureml.train.automl._azureautomlclient.modify_run_configuration:199 - Package fbprophet missing from dependencies file.
2021-01-17 05:12:32.862 - INFO - 6380 - azureml.train.automl._azureautomlclient.modify_run_configuration:205 - Using pinned version: fbprophet==0.5
2021-01-17 05:12:32.862 - INFO - 6380 - azureml.train.automl._azureautomlclient.modify_run_configuration:199 - Package setuptools-git missing from dependencies file.
2021-01-17 05:12:32.862 - INFO - 6380 - azureml.train.automl._azureautomlclient.modify_run_configuration:209 - Using installed version: setuptools-git==1.2
2021-01-17 05:12:32.868 - INFO - 6380 - azureml.train.automl._azureautomlclient._validate_input:663 - Start data validation.
2021-01-17 05:12:33.741 - INFO - 6380 - azureml.train.automl._azureautomlclient._validate_input:676 - Validation service found the data has no errors.
2021-01-17 05:12:33.742 - INFO - 6380 - azureml.train.automl._azureautomlclient._create_parent_run_for_remote:541 - Start creating parent run.
2021-01-17 05:12:33.992 - INFO - 6380 - azureml.train.automl._azureautomlclient._create_parent_run_for_remote:561 - [ParentRunID:AutoML_3c373969-1565-4add-948c-1877e52e58fb] Remote run using input X and y.
2021-01-17 05:12:34.157 - INFO - 6380 - azureml.train.automl._azureautomlclient._create_parent_run_for_remote:574 - Parent Run ID: AutoML_3c373969-1565-4add-948c-1877e52e58fb
2021-01-17 05:12:34.157 - INFO - 6380 - azureml.train.automl._azureautomlclient._fit_remote_core:502 - Starting a snapshot run (snapshot_id : None)
2021-01-17 05:50:32.687 - INFO - 21798 - azureml.train.automl._azureautomlclient.modify_run_configuration:199 - Package azureml-train-automl missing from dependencies file.
2021-01-17 05:50:32.687 - INFO - 21798 - azureml.train.automl._azureautomlclient.modify_run_configuration:205 - Using pinned version: azureml-train-automl==1.19.0.*
2021-01-17 05:50:32.688 - INFO - 21798 - azureml.train.automl._azureautomlclient.modify_run_configuration:199 - Package pandas missing from dependencies file.
2021-01-17 05:50:32.688 - INFO - 21798 - azureml.train.automl._azureautomlclient.modify_run_configuration:205 - Using pinned version: pandas==0.25.1
2021-01-17 05:50:32.688 - INFO - 21798 - azureml.train.automl._azureautomlclient.modify_run_configuration:199 - Package psutil missing from dependencies file.
2021-01-17 05:50:32.688 - INFO - 21798 - azureml.train.automl._azureautomlclient.modify_run_configuration:205 - Using pinned version: psutil>5.0.0,<6.0.0
2021-01-17 05:50:32.689 - INFO - 21798 - azureml.train.automl._azureautomlclient.modify_run_configuration:199 - Package scikit-learn missing from dependencies file.
2021-01-17 05:50:32.689 - INFO - 21798 - azureml.train.automl._azureautomlclient.modify_run_configuration:205 - Using pinned version: scikit-learn==0.22.1
2021-01-17 05:50:32.689 - INFO - 21798 - azureml.train.automl._azureautomlclient.modify_run_configuration:199 - Package numpy missing from dependencies file.
2021-01-17 05:50:32.689 - INFO - 21798 - azureml.train.automl._azureautomlclient.modify_run_configuration:205 - Using pinned version: numpy~=1.18.0
2021-01-17 05:50:32.689 - INFO - 21798 - azureml.train.automl._azureautomlclient.modify_run_configuration:199 - Package py-xgboost missing from dependencies file.
2021-01-17 05:50:32.689 - INFO - 21798 - azureml.train.automl._azureautomlclient.modify_run_configuration:205 - Using pinned version: py-xgboost<=0.90
2021-01-17 05:50:32.689 - INFO - 21798 - azureml.train.automl._azureautomlclient.modify_run_configuration:199 - Package inference-schema missing from dependencies file.
2021-01-17 05:50:32.690 - INFO - 21798 - azureml.train.automl._azureautomlclient.modify_run_configuration:199 - Package fbprophet missing from dependencies file.
2021-01-17 05:50:32.690 - INFO - 21798 - azureml.train.automl._azureautomlclient.modify_run_configuration:205 - Using pinned version: fbprophet==0.5
2021-01-17 05:50:32.690 - INFO - 21798 - azureml.train.automl._azureautomlclient.modify_run_configuration:199 - Package setuptools-git missing from dependencies file.
2021-01-17 05:50:32.690 - INFO - 21798 - azureml.train.automl._azureautomlclient.modify_run_configuration:209 - Using installed version: setuptools-git==1.2
2021-01-17 05:50:32.696 - INFO - 21798 - azureml.train.automl._azureautomlclient._validate_input:663 - Start data validation.
2021-01-17 05:50:33.224 - INFO - 21798 - azureml.train.automl._azureautomlclient._validate_input:676 - Validation service found the data has no errors.
2021-01-17 05:50:33.225 - INFO - 21798 - azureml.train.automl._azureautomlclient._create_parent_run_for_remote:541 - Start creating parent run.
2021-01-17 05:50:33.563 - INFO - 21798 - azureml.train.automl._azureautomlclient._create_parent_run_for_remote:561 - [ParentRunID:AutoML_7e5dda8b-129a-40bf-b0eb-0e77ecddb41c] Remote run using input X and y.
2021-01-17 05:50:33.728 - INFO - 21798 - azureml.train.automl._azureautomlclient._create_parent_run_for_remote:574 - Parent Run ID: AutoML_7e5dda8b-129a-40bf-b0eb-0e77ecddb41c
2021-01-17 05:50:33.729 - INFO - 21798 - azureml.train.automl._azureautomlclient._fit_remote_core:502 - Starting a snapshot run (snapshot_id : None)
